<?xml version="1.0" encoding="UTF-8"?>
<!-- Generated by org.testng.reporters.JUnitReportReporter -->
<testsuite skipped="0" hostname="anshul48918" name="com.assignment.appiumTest.Drivers.App" tests="1" failures="0" timestamp="04 May 2019 13:15:39 GMT" time="0.004" errors="0">
  <testcase name="asdf" time="0.004" classname="com.assignment.appiumTest.Drivers.App"/>
</testsuite> <!-- com.assignment.appiumTest.Drivers.App -->
